<?xml version="1.0" encoding="UTF-8"?>
<testsuite name="com.lynden.gmapsfx.javascript.JavascriptObjectTest" time="0.188" tests="14" errors="0" skipped="0" failures="0">
  <properties>
[...]
</properties>
  <testcase name="testInvokeJavascript" classname="com.lynden.gmapsfx.javascript.JavascriptObjectTest" time="0.156"/>
  <testcase name="testGetPropertyGeneric_Null" classname="com.lynden.gmapsfx.javascript.JavascriptObjectTest" time="0.001"/>
  <testcase name="testGetPropertyGeneric" classname="com.lynden.gmapsfx.javascript.JavascriptObjectTest" time="0.001"/>
  <testcase name="testInvokeJavascript_JavascriptObject" classname="com.lynden.gmapsfx.javascript.JavascriptObjectTest" time="0"/>
  <testcase name="testInvokeJavascriptReturnValue_Null" classname="com.lynden.gmapsfx.javascript.JavascriptObjectTest" time="0"/>
  <testcase name="testGetJSObject" classname="com.lynden.gmapsfx.javascript.JavascriptObjectTest" time="0.001"/>
  <testcase name="testGetProperty" classname="com.lynden.gmapsfx.javascript.JavascriptObjectTest" time="0.001"/>
  <testcase name="testCreateJavascriptObject" classname="com.lynden.gmapsfx.javascript.JavascriptObjectTest" time="0"/>
  <testcase name="testGetVariableName" classname="com.lynden.gmapsfx.javascript.JavascriptObjectTest" time="0.001"/>
  <testcase name="testSetProperty_Object" classname="com.lynden.gmapsfx.javascript.JavascriptObjectTest" time="0.017"/>
  <testcase name="testSetProperty_JavascriptObject" classname="com.lynden.gmapsfx.javascript.JavascriptObjectTest" time="0.001"/>
  <testcase name="testGetNextVariableName" classname="com.lynden.gmapsfx.javascript.JavascriptObjectTest" time="0"/>
  <testcase name="testSetProperty_JavascriptEnum" classname="com.lynden.gmapsfx.javascript.JavascriptObjectTest" time="0.002"/>
  <testcase name="testInvokeJavascriptReturnValue" classname="com.lynden.gmapsfx.javascript.JavascriptObjectTest" time="0.007"/>
</testsuite>